[Wed Sep  3 12:51:18 IST 2025] 6 banana sold for 11$
[Wed Sep  3 12:51:18 IST 2025] 11 banana sold for 10$
[Wed Sep  3 12:51:18 IST 2025] 37 apples sold for 16$
[Wed Sep  3 12:51:20 IST 2025] 21 oranges sold for 1$
[Wed Sep  3 12:51:20 IST 2025] 26 apples sold for 16$
[Wed Sep  3 12:51:20 IST 2025] 17 oranges sold for 8$
[Wed Sep  3 12:51:21 IST 2025] 43 apples sold for 3$
[Wed Sep  3 12:51:22 IST 2025] 16 oranges sold for 5$
[Wed Sep  3 12:51:23 IST 2025] 28 banana sold for 14$
[Wed Sep  3 12:51:24 IST 2025] 42 oranges sold for 11$
[Wed Sep  3 12:51:24 IST 2025] 2 banana sold for 3$
[Wed Sep  3 12:51:25 IST 2025] 15 banana sold for 5$
[Wed Sep  3 12:51:26 IST 2025] 31 apples sold for 5$
[Wed Sep  3 12:51:26 IST 2025] 17 mangoes sold for 8$
[Wed Sep  3 12:51:26 IST 2025] 6 banana sold for 12$
[Wed Sep  3 12:51:28 IST 2025] 20 apples sold for 8$
[Wed Sep  3 12:51:28 IST 2025] 11 mangoes sold for 18$
[Wed Sep  3 12:51:28 IST 2025] 20 jackfruit sold for 17$
[Wed Sep  3 12:51:29 IST 2025] 39 apples sold for 12$
[Wed Sep  3 12:51:30 IST 2025] 47 apples sold for 13$
[Wed Sep  3 12:51:31 IST 2025] 37 oranges sold for 4$
[Wed Sep  3 12:51:31 IST 2025] 15 oranges sold for 9$
[Wed Sep  3 12:51:32 IST 2025] 16 banana sold for 9$
[Wed Sep  3 12:51:32 IST 2025] 4 jackfruit sold for 9$
[Wed Sep  3 12:51:33 IST 2025] 8 jackfruit sold for 5$
[Wed Sep  3 12:51:34 IST 2025] 30 banana sold for 8$
[Wed Sep  3 12:51:34 IST 2025] 47 apples sold for 2$
[Wed Sep  3 12:51:35 IST 2025] 38 jackfruit sold for 4$
[Wed Sep  3 12:51:36 IST 2025] 34 mangoes sold for 10$
[Wed Sep  3 12:51:37 IST 2025] 15 oranges sold for 20$
[Wed Sep  3 12:51:38 IST 2025] 10 mangoes sold for 18$
[Wed Sep  3 12:51:39 IST 2025] 22 apples sold for 17$
[Wed Sep  3 12:51:40 IST 2025] 47 apples sold for 6$
[Wed Sep  3 12:51:41 IST 2025] 49 mangoes sold for 14$
[Wed Sep  3 12:51:42 IST 2025] 46 mangoes sold for 15$
[Wed Sep  3 12:51:42 IST 2025] 26 oranges sold for 16$
[Wed Sep  3 12:51:43 IST 2025] 37 banana sold for 19$
[Wed Sep  3 12:51:44 IST 2025] 45 mangoes sold for 9$
[Wed Sep  3 12:51:45 IST 2025] 48 banana sold for 5$
[Wed Sep  3 12:51:45 IST 2025] 47 apples sold for 11$
[Wed Sep  3 12:51:45 IST 2025] 14 jackfruit sold for 15$
[Wed Sep  3 12:51:46 IST 2025] 21 banana sold for 9$
[Wed Sep  3 12:51:46 IST 2025] 20 jackfruit sold for 15$
[Wed Sep  3 12:51:47 IST 2025] 32 jackfruit sold for 3$
[Wed Sep  3 12:51:49 IST 2025] 16 mangoes sold for 8$
[Wed Sep  3 12:51:50 IST 2025] 6 banana sold for 20$
[Wed Sep  3 12:51:50 IST 2025] 22 mangoes sold for 17$
[Wed Sep  3 12:51:51 IST 2025] 17 jackfruit sold for 3$
[Wed Sep  3 12:51:51 IST 2025] 42 banana sold for 14$
[Wed Sep  3 12:51:52 IST 2025] 38 banana sold for 19$
[Wed Sep  3 12:51:53 IST 2025] 18 apples sold for 16$
[Wed Sep  3 12:51:54 IST 2025] 35 jackfruit sold for 18$
[Wed Sep  3 12:51:55 IST 2025] 23 apples sold for 13$
[Wed Sep  3 12:51:56 IST 2025] 1 mangoes sold for 15$
[Wed Sep  3 12:51:57 IST 2025] 6 apples sold for 4$
[Wed Sep  3 12:51:57 IST 2025] 9 apples sold for 13$
[Wed Sep  3 12:51:58 IST 2025] 40 banana sold for 14$
[Wed Sep  3 12:51:58 IST 2025] 47 mangoes sold for 7$
